{"level":"info","message":"Listening on port 4001...","timestamp":"2020-06-22T07:46:21.656Z"}
{"level":"info","message":"Connected to mongodb://localhost/womensWelfare...","timestamp":"2020-06-22T07:46:21.680Z"}
{"level":"info","message":"Listening on port 4001...","timestamp":"2020-06-22T07:56:38.461Z"}
{"level":"info","message":"Connected to mongodb://localhost/womensWelfare...","timestamp":"2020-06-22T07:56:38.478Z"}
{"level":"info","message":"Listening on port 4001...","timestamp":"2020-06-22T07:56:56.089Z"}
{"level":"info","message":"Connected to mongodb://localhost/womensWelfare...","timestamp":"2020-06-22T07:56:56.111Z"}
{"level":"info","message":"Listening on port 4001...","timestamp":"2020-06-22T08:04:00.847Z"}
{"level":"info","message":"Connected to mongodb://localhost/womensWelfare...","timestamp":"2020-06-22T08:04:00.871Z"}
{"level":"info","message":"Listening on port 4001...","timestamp":"2020-06-22T08:09:06.865Z"}
{"level":"info","message":"Connected to mongodb://localhost/womensWelfare...","timestamp":"2020-06-22T08:09:06.880Z"}
{"level":"info","message":"Listening on port 4001...","timestamp":"2020-06-22T08:09:09.619Z"}
{"level":"info","message":"Connected to mongodb://localhost/womensWelfare...","timestamp":"2020-06-22T08:09:09.634Z"}
{"level":"info","message":"Listening on port 4001...","timestamp":"2020-06-22T08:14:08.800Z"}
{"level":"info","message":"Connected to mongodb+srv://crazyharan:yamunahari008@cluster0-9sugw.mongodb.net/womensWelfare?retryWrites=true&w=majority...","timestamp":"2020-06-22T08:14:09.497Z"}
{"level":"info","message":"Listening on port 4001...","timestamp":"2020-06-22T08:34:55.180Z"}
{"level":"info","message":"Connected to mongodb+srv://crazyharan:yamunahari008@cluster0-9sugw.mongodb.net/womensWelfare?retryWrites=true&w=majority...","timestamp":"2020-06-22T08:34:56.101Z"}
{"level":"info","message":"Listening on port 4001...","timestamp":"2020-06-22T08:35:07.355Z"}
{"level":"info","message":"Connected to mongodb+srv://crazyharan:yamunahari008@cluster0-9sugw.mongodb.net/womensWelfare?retryWrites=true&w=majority...","timestamp":"2020-06-22T08:35:07.988Z"}
{"level":"info","message":"Listening on port 4001...","timestamp":"2020-06-22T08:35:18.715Z"}
{"level":"info","message":"Connected to mongodb+srv://crazyharan:yamunahari008@cluster0-9sugw.mongodb.net/womensWelfare?retryWrites=true&w=majority...","timestamp":"2020-06-22T08:35:24.814Z"}
{"message":"joi is not defined","stack":"ReferenceError: joi is not defined\n    at consumerValidator (/Users/crazy/Desktop/node/womensWelfare/models/consumer.js:36:11)\n    at /Users/crazy/Desktop/node/womensWelfare/routers/consumersRouters.js:111:21\n    at newFn (/Users/crazy/Desktop/node/womensWelfare/node_modules/express-async-errors/index.js:16:20)\n    at Layer.handle [as handle_request] (/Users/crazy/Desktop/node/womensWelfare/node_modules/express/lib/router/layer.js:95:5)\n    at next (/Users/crazy/Desktop/node/womensWelfare/node_modules/express/lib/router/route.js:137:13)\n    at Route.dispatch (/Users/crazy/Desktop/node/womensWelfare/node_modules/express/lib/router/route.js:112:3)\n    at newFn (/Users/crazy/Desktop/node/womensWelfare/node_modules/express-async-errors/index.js:16:20)\n    at Layer.handle [as handle_request] (/Users/crazy/Desktop/node/womensWelfare/node_modules/express/lib/router/layer.js:95:5)\n    at /Users/crazy/Desktop/node/womensWelfare/node_modules/express/lib/router/index.js:281:22\n    at Function.process_params (/Users/crazy/Desktop/node/womensWelfare/node_modules/express/lib/router/index.js:335:12)\n    at next (/Users/crazy/Desktop/node/womensWelfare/node_modules/express/lib/router/index.js:275:10)\n    at Function.handle (/Users/crazy/Desktop/node/womensWelfare/node_modules/express/lib/router/index.js:174:3)\n    at router (/Users/crazy/Desktop/node/womensWelfare/node_modules/express/lib/router/index.js:47:12)\n    at newFn (/Users/crazy/Desktop/node/womensWelfare/node_modules/express-async-errors/index.js:16:20)\n    at Layer.handle [as handle_request] (/Users/crazy/Desktop/node/womensWelfare/node_modules/express/lib/router/layer.js:95:5)\n    at trim_prefix (/Users/crazy/Desktop/node/womensWelfare/node_modules/express/lib/router/index.js:317:13)","level":"error","timestamp":"2020-06-22T08:36:07.250Z"}
{"level":"info","message":"Listening on port 4001...","timestamp":"2020-06-22T08:36:54.205Z"}
{"level":"info","message":"Connected to mongodb+srv://crazyharan:yamunahari008@cluster0-9sugw.mongodb.net/womensWelfare?retryWrites=true&w=majority...","timestamp":"2020-06-22T08:36:55.388Z"}
{"message":"Consumers is not defined","stack":"ReferenceError: Consumers is not defined\n    at /Users/crazy/Desktop/node/womensWelfare/routers/consumersRouters.js:116:25\n    at newFn (/Users/crazy/Desktop/node/womensWelfare/node_modules/express-async-errors/index.js:16:20)\n    at Layer.handle [as handle_request] (/Users/crazy/Desktop/node/womensWelfare/node_modules/express/lib/router/layer.js:95:5)\n    at next (/Users/crazy/Desktop/node/womensWelfare/node_modules/express/lib/router/route.js:137:13)\n    at Route.dispatch (/Users/crazy/Desktop/node/womensWelfare/node_modules/express/lib/router/route.js:112:3)\n    at newFn (/Users/crazy/Desktop/node/womensWelfare/node_modules/express-async-errors/index.js:16:20)\n    at Layer.handle [as handle_request] (/Users/crazy/Desktop/node/womensWelfare/node_modules/express/lib/router/layer.js:95:5)\n    at /Users/crazy/Desktop/node/womensWelfare/node_modules/express/lib/router/index.js:281:22\n    at Function.process_params (/Users/crazy/Desktop/node/womensWelfare/node_modules/express/lib/router/index.js:335:12)\n    at next (/Users/crazy/Desktop/node/womensWelfare/node_modules/express/lib/router/index.js:275:10)\n    at Function.handle (/Users/crazy/Desktop/node/womensWelfare/node_modules/express/lib/router/index.js:174:3)\n    at router (/Users/crazy/Desktop/node/womensWelfare/node_modules/express/lib/router/index.js:47:12)\n    at newFn (/Users/crazy/Desktop/node/womensWelfare/node_modules/express-async-errors/index.js:16:20)\n    at Layer.handle [as handle_request] (/Users/crazy/Desktop/node/womensWelfare/node_modules/express/lib/router/layer.js:95:5)\n    at trim_prefix (/Users/crazy/Desktop/node/womensWelfare/node_modules/express/lib/router/index.js:317:13)\n    at /Users/crazy/Desktop/node/womensWelfare/node_modules/express/lib/router/index.js:284:7","level":"error","timestamp":"2020-06-22T08:37:02.856Z"}
{"level":"info","message":"Listening on port 4001...","timestamp":"2020-06-22T08:38:26.295Z"}
{"level":"info","message":"Connected to mongodb+srv://crazyharan:yamunahari008@cluster0-9sugw.mongodb.net/womensWelfare?retryWrites=true&w=majority...","timestamp":"2020-06-22T08:38:27.008Z"}
{"level":"info","message":"Listening on port 4001...","timestamp":"2020-06-22T08:38:36.060Z"}
{"level":"info","message":"Connected to mongodb+srv://crazyharan:yamunahari008@cluster0-9sugw.mongodb.net/womensWelfare?retryWrites=true&w=majority...","timestamp":"2020-06-22T08:38:36.819Z"}
{"level":"info","message":"Listening on port 4001...","timestamp":"2020-06-22T08:43:19.989Z"}
{"level":"info","message":"Connected to mongodb+srv://crazyharan:yamunahari008@cluster0-9sugw.mongodb.net/womensWelfare?retryWrites=true&w=majority...","timestamp":"2020-06-22T08:43:20.564Z"}
{"level":"info","message":"Listening on port 4001...","timestamp":"2020-06-22T08:43:32.894Z"}
{"level":"info","message":"Connected to mongodb+srv://crazyharan:yamunahari008@cluster0-9sugw.mongodb.net/womensWelfare?retryWrites=true&w=majority...","timestamp":"2020-06-22T08:43:33.331Z"}
{"level":"info","message":"Listening on port 4001...","timestamp":"2020-06-22T08:44:21.992Z"}
{"level":"info","message":"Connected to mongodb+srv://crazyharan:yamunahari008@cluster0-9sugw.mongodb.net/womensWelfare?retryWrites=true&w=majority...","timestamp":"2020-06-22T08:44:22.432Z"}
{"level":"info","message":"Listening on port 4001...","timestamp":"2020-06-22T08:49:33.647Z"}
{"level":"info","message":"Connected to mongodb+srv://crazyharan:yamunahari008@cluster0-9sugw.mongodb.net/womensWelfare?retryWrites=true&w=majority...","timestamp":"2020-06-22T08:49:34.243Z"}
{"level":"info","message":"Listening on port 4001...","timestamp":"2020-06-22T08:59:06.944Z"}
{"level":"info","message":"Connected to mongodb+srv://crazyharan:yamunahari008@cluster0-9sugw.mongodb.net/womensWelfare?retryWrites=true&w=majority...","timestamp":"2020-06-22T08:59:07.760Z"}
{"level":"info","message":"Listening on port 4001...","timestamp":"2020-06-22T08:59:29.571Z"}
{"level":"info","message":"Connected to mongodb+srv://crazyharan:yamunahari008@cluster0-9sugw.mongodb.net/womensWelfare?retryWrites=true&w=majority...","timestamp":"2020-06-22T08:59:30.318Z"}
{"level":"info","message":"Listening on port 4001...","timestamp":"2020-06-22T08:59:52.551Z"}
{"level":"info","message":"Connected to mongodb+srv://crazyharan:yamunahari008@cluster0-9sugw.mongodb.net/womensWelfare?retryWrites=true&w=majority...","timestamp":"2020-06-22T08:59:53.007Z"}
{"level":"info","message":"Listening on port 4001...","timestamp":"2020-06-22T09:00:14.367Z"}
{"level":"info","message":"Connected to mongodb+srv://crazyharan:yamunahari008@cluster0-9sugw.mongodb.net/womensWelfare?retryWrites=true&w=majority...","timestamp":"2020-06-22T09:00:14.875Z"}
{"level":"info","message":"Listening on port 4001...","timestamp":"2020-06-22T09:32:36.015Z"}
{"level":"info","message":"Listening on port 4001...","timestamp":"2020-06-22T09:32:38.257Z"}
{"level":"info","message":"Connected to mongodb+srv://crazyharan:yamunahari008@cluster0-9sugw.mongodb.net/womensWelfare?retryWrites=true&w=majority...","timestamp":"2020-06-22T09:32:39.237Z"}
{"level":"info","message":"Listening on port 4001...","timestamp":"2020-06-22T09:35:38.683Z"}
{"level":"info","message":"Connected to mongodb+srv://crazyharan:yamunahari008@cluster0-9sugw.mongodb.net/womensWelfare?retryWrites=true&w=majority...","timestamp":"2020-06-22T09:35:39.545Z"}
{"level":"info","message":"Listening on port 4001...","timestamp":"2020-06-22T09:36:31.367Z"}
{"level":"info","message":"Connected to mongodb+srv://crazyharan:yamunahari008@cluster0-9sugw.mongodb.net/womensWelfare?retryWrites=true&w=majority...","timestamp":"2020-06-22T09:36:31.786Z"}
{"level":"info","message":"Listening on port 4001...","timestamp":"2020-06-22T09:36:33.177Z"}
{"level":"info","message":"Connected to mongodb+srv://crazyharan:yamunahari008@cluster0-9sugw.mongodb.net/womensWelfare?retryWrites=true&w=majority...","timestamp":"2020-06-22T09:36:34.023Z"}
{"level":"info","message":"Listening on port 4001...","timestamp":"2020-06-22T09:36:36.347Z"}
{"level":"info","message":"Connected to mongodb+srv://crazyharan:yamunahari008@cluster0-9sugw.mongodb.net/womensWelfare?retryWrites=true&w=majority...","timestamp":"2020-06-22T09:36:36.782Z"}
{"level":"info","message":"Listening on port 4001...","timestamp":"2020-06-22T09:37:03.102Z"}
{"level":"info","message":"Connected to mongodb+srv://crazyharan:yamunahari008@cluster0-9sugw.mongodb.net/womensWelfare?retryWrites=true&w=majority...","timestamp":"2020-06-22T09:37:03.596Z"}
{"level":"info","message":"Listening on port 4001...","timestamp":"2020-06-22T09:39:29.516Z"}
{"level":"info","message":"Connected to mongodb+srv://crazyharan:yamunahari008@cluster0-9sugw.mongodb.net/womensWelfare?retryWrites=true&w=majority...","timestamp":"2020-06-22T09:39:35.480Z"}
{"level":"info","message":"Listening on port 4001...","timestamp":"2020-06-22T09:42:09.509Z"}
{"level":"info","message":"Connected to mongodb+srv://crazyharan:yamunahari008@cluster0-9sugw.mongodb.net/womensWelfare?retryWrites=true&w=majority...","timestamp":"2020-06-22T09:42:10.363Z"}
{"level":"info","message":"Listening on port 4001...","timestamp":"2020-06-22T09:43:23.348Z"}
{"level":"info","message":"Connected to mongodb+srv://crazyharan:yamunahari008@cluster0-9sugw.mongodb.net/womensWelfare?retryWrites=true&w=majority...","timestamp":"2020-06-22T09:43:23.838Z"}
{"level":"info","message":"Listening on port 4001...","timestamp":"2020-06-22T09:43:33.156Z"}
{"level":"info","message":"Connected to mongodb+srv://crazyharan:yamunahari008@cluster0-9sugw.mongodb.net/womensWelfare?retryWrites=true&w=majority...","timestamp":"2020-06-22T09:43:38.238Z"}
{"level":"info","message":"Listening on port 4001...","timestamp":"2020-06-22T09:44:03.719Z"}
{"level":"info","message":"Connected to mongodb+srv://crazyharan:yamunahari008@cluster0-9sugw.mongodb.net/womensWelfare?retryWrites=true&w=majority...","timestamp":"2020-06-22T09:44:04.384Z"}
{"level":"info","message":"Listening on port 4001...","timestamp":"2020-06-22T11:33:40.710Z"}
{"level":"info","message":"Connected to mongodb+srv://crazyharan:yamunahari008@cluster0-9sugw.mongodb.net/womensWelfare?retryWrites=true&w=majority...","timestamp":"2020-06-22T11:33:41.849Z"}
{"level":"info","message":"Listening on port 4001...","timestamp":"2020-06-22T11:33:43.375Z"}
{"level":"info","message":"Connected to mongodb+srv://crazyharan:yamunahari008@cluster0-9sugw.mongodb.net/womensWelfare?retryWrites=true&w=majority...","timestamp":"2020-06-22T11:33:44.065Z"}
{"level":"info","message":"Listening on port 4001...","timestamp":"2020-06-22T11:41:03.939Z"}
{"level":"info","message":"Connected to mongodb+srv://crazyharan:yamunahari008@cluster0-9sugw.mongodb.net/womensWelfare?retryWrites=true&w=majority...","timestamp":"2020-06-22T11:41:04.986Z"}
{"level":"info","message":"Listening on port 4001...","timestamp":"2020-06-22T11:43:29.078Z"}
{"level":"info","message":"Connected to mongodb+srv://crazyharan:yamunahari008@cluster0-9sugw.mongodb.net/womensWelfare?retryWrites=true&w=majority...","timestamp":"2020-06-22T11:43:30.407Z"}
{"level":"info","message":"Listening on port 4001...","timestamp":"2020-06-22T11:44:43.015Z"}
{"level":"info","message":"Connected to mongodb+srv://crazyharan:yamunahari008@cluster0-9sugw.mongodb.net/womensWelfare?retryWrites=true&w=majority...","timestamp":"2020-06-22T11:44:44.020Z"}
{"level":"info","message":"Listening on port 4001...","timestamp":"2020-06-22T11:45:16.133Z"}
{"level":"info","message":"Connected to mongodb+srv://crazyharan:yamunahari008@cluster0-9sugw.mongodb.net/womensWelfare?retryWrites=true&w=majority...","timestamp":"2020-06-22T11:45:17.138Z"}
{"level":"info","message":"Listening on port 4001...","timestamp":"2020-06-22T11:46:17.006Z"}
{"level":"info","message":"Connected to mongodb+srv://crazyharan:yamunahari008@cluster0-9sugw.mongodb.net/womensWelfare?retryWrites=true&w=majority...","timestamp":"2020-06-22T11:46:17.845Z"}
{"level":"info","message":"Listening on port 4001...","timestamp":"2020-06-22T11:46:28.112Z"}
{"level":"info","message":"Connected to mongodb+srv://crazyharan:yamunahari008@cluster0-9sugw.mongodb.net/womensWelfare?retryWrites=true&w=majority...","timestamp":"2020-06-22T11:46:28.760Z"}
{"level":"info","message":"Listening on port 4001...","timestamp":"2020-06-22T11:46:57.766Z"}
{"level":"info","message":"Connected to mongodb+srv://crazyharan:yamunahari008@cluster0-9sugw.mongodb.net/womensWelfare?retryWrites=true&w=majority...","timestamp":"2020-06-22T11:46:58.641Z"}
{"level":"info","message":"Listening on port 4001...","timestamp":"2020-06-22T11:47:42.473Z"}
{"level":"info","message":"Connected to mongodb+srv://crazyharan:yamunahari008@cluster0-9sugw.mongodb.net/womensWelfare?retryWrites=true&w=majority...","timestamp":"2020-06-22T11:47:43.264Z"}
{"level":"info","message":"Listening on port 4001...","timestamp":"2020-06-22T11:48:26.496Z"}
{"level":"info","message":"Connected to mongodb+srv://crazyharan:yamunahari008@cluster0-9sugw.mongodb.net/womensWelfare?retryWrites=true&w=majority...","timestamp":"2020-06-22T11:48:27.555Z"}
{"level":"info","message":"Listening on port 4001...","timestamp":"2020-06-22T11:49:05.545Z"}
{"level":"info","message":"Connected to mongodb+srv://crazyharan:yamunahari008@cluster0-9sugw.mongodb.net/womensWelfare?retryWrites=true&w=majority...","timestamp":"2020-06-22T11:49:06.369Z"}
{"level":"info","message":"Listening on port 4001...","timestamp":"2020-06-22T11:50:44.122Z"}
{"level":"info","message":"Connected to mongodb+srv://crazyharan:yamunahari008@cluster0-9sugw.mongodb.net/womensWelfare?retryWrites=true&w=majority...","timestamp":"2020-06-22T11:50:45.225Z"}
{"level":"info","message":"Listening on port 4001...","timestamp":"2020-06-22T11:51:52.481Z"}
{"level":"info","message":"Connected to mongodb+srv://crazyharan:yamunahari008@cluster0-9sugw.mongodb.net/womensWelfare?retryWrites=true&w=majority...","timestamp":"2020-06-22T11:51:53.223Z"}
{"level":"info","message":"Listening on port 4001...","timestamp":"2020-06-22T11:53:56.334Z"}
{"level":"info","message":"Connected to mongodb+srv://crazyharan:yamunahari008@cluster0-9sugw.mongodb.net/womensWelfare?retryWrites=true&w=majority...","timestamp":"2020-06-22T11:53:57.357Z"}
{"level":"info","message":"Listening on port 4001...","timestamp":"2020-06-22T11:55:05.305Z"}
{"level":"info","message":"Connected to mongodb+srv://crazyharan:yamunahari008@cluster0-9sugw.mongodb.net/womensWelfare?retryWrites=true&w=majority...","timestamp":"2020-06-22T11:55:06.103Z"}
{"level":"info","message":"Listening on port 4001...","timestamp":"2020-06-22T11:56:13.213Z"}
{"level":"info","message":"Connected to mongodb+srv://crazyharan:yamunahari008@cluster0-9sugw.mongodb.net/womensWelfare?retryWrites=true&w=majority...","timestamp":"2020-06-22T11:56:14.195Z"}
{"level":"info","message":"Listening on port 4001...","timestamp":"2020-06-22T11:57:19.062Z"}
{"level":"info","message":"Connected to mongodb+srv://crazyharan:yamunahari008@cluster0-9sugw.mongodb.net/womensWelfare?retryWrites=true&w=majority...","timestamp":"2020-06-22T11:57:19.812Z"}
{"level":"info","message":"Listening on port 4001...","timestamp":"2020-06-22T11:58:12.962Z"}
{"level":"info","message":"Connected to mongodb+srv://crazyharan:yamunahari008@cluster0-9sugw.mongodb.net/womensWelfare?retryWrites=true&w=majority...","timestamp":"2020-06-22T11:58:13.872Z"}
{"level":"info","message":"Listening on port 4001...","timestamp":"2020-06-22T11:58:37.156Z"}
{"level":"info","message":"Connected to mongodb+srv://crazyharan:yamunahari008@cluster0-9sugw.mongodb.net/womensWelfare?retryWrites=true&w=majority...","timestamp":"2020-06-22T11:58:37.851Z"}
{"level":"info","message":"Listening on port 4001...","timestamp":"2020-06-22T11:59:00.368Z"}
{"level":"info","message":"Connected to mongodb+srv://crazyharan:yamunahari008@cluster0-9sugw.mongodb.net/womensWelfare?retryWrites=true&w=majority...","timestamp":"2020-06-22T11:59:01.169Z"}
{"level":"info","message":"Listening on port 4001...","timestamp":"2020-06-22T11:59:11.796Z"}
{"level":"info","message":"Connected to mongodb+srv://crazyharan:yamunahari008@cluster0-9sugw.mongodb.net/womensWelfare?retryWrites=true&w=majority...","timestamp":"2020-06-22T11:59:12.469Z"}
{"level":"info","message":"Listening on port 4001...","timestamp":"2020-06-22T11:59:25.873Z"}
{"level":"info","message":"Connected to mongodb+srv://crazyharan:yamunahari008@cluster0-9sugw.mongodb.net/womensWelfare?retryWrites=true&w=majority...","timestamp":"2020-06-22T11:59:26.537Z"}
{"level":"info","message":"Listening on port 4001...","timestamp":"2020-06-22T12:00:33.750Z"}
{"level":"info","message":"Connected to mongodb+srv://crazyharan:yamunahari008@cluster0-9sugw.mongodb.net/womensWelfare?retryWrites=true&w=majority...","timestamp":"2020-06-22T12:00:34.811Z"}
{"level":"info","message":"Listening on port 4001...","timestamp":"2020-06-22T12:00:48.081Z"}
{"level":"info","message":"Connected to mongodb+srv://crazyharan:yamunahari008@cluster0-9sugw.mongodb.net/womensWelfare?retryWrites=true&w=majority...","timestamp":"2020-06-22T12:00:48.753Z"}
{"level":"info","message":"Listening on port 4001...","timestamp":"2020-06-22T12:01:31.399Z"}
{"level":"info","message":"Connected to mongodb+srv://crazyharan:yamunahari008@cluster0-9sugw.mongodb.net/womensWelfare?retryWrites=true&w=majority...","timestamp":"2020-06-22T12:01:32.027Z"}
{"level":"info","message":"Listening on port 4001...","timestamp":"2020-06-22T12:01:48.438Z"}
{"level":"info","message":"Connected to mongodb+srv://crazyharan:yamunahari008@cluster0-9sugw.mongodb.net/womensWelfare?retryWrites=true&w=majority...","timestamp":"2020-06-22T12:01:49.154Z"}
{"level":"info","message":"Listening on port 4001...","timestamp":"2020-06-22T12:02:05.464Z"}
{"level":"info","message":"Connected to mongodb+srv://crazyharan:yamunahari008@cluster0-9sugw.mongodb.net/womensWelfare?retryWrites=true&w=majority...","timestamp":"2020-06-22T12:02:06.295Z"}
{"level":"info","message":"Listening on port 4001...","timestamp":"2020-06-22T12:02:20.407Z"}
{"level":"info","message":"Connected to mongodb+srv://crazyharan:yamunahari008@cluster0-9sugw.mongodb.net/womensWelfare?retryWrites=true&w=majority...","timestamp":"2020-06-22T12:02:21.034Z"}
{"level":"info","message":"Listening on port 4001...","timestamp":"2020-06-22T12:02:30.452Z"}
{"level":"info","message":"Connected to mongodb+srv://crazyharan:yamunahari008@cluster0-9sugw.mongodb.net/womensWelfare?retryWrites=true&w=majority...","timestamp":"2020-06-22T12:02:31.088Z"}
{"level":"info","message":"Listening on port 4001...","timestamp":"2020-06-22T12:03:16.269Z"}
{"level":"info","message":"Connected to mongodb+srv://crazyharan:yamunahari008@cluster0-9sugw.mongodb.net/womensWelfare?retryWrites=true&w=majority...","timestamp":"2020-06-22T12:03:17.018Z"}
{"level":"info","message":"Listening on port 4001...","timestamp":"2020-06-22T12:04:48.131Z"}
{"level":"info","message":"Connected to mongodb+srv://crazyharan:yamunahari008@cluster0-9sugw.mongodb.net/womensWelfare?retryWrites=true&w=majority...","timestamp":"2020-06-22T12:04:49.028Z"}
{"level":"info","message":"Listening on port 4001...","timestamp":"2020-06-22T12:05:37.809Z"}
{"level":"info","message":"Connected to mongodb+srv://crazyharan:yamunahari008@cluster0-9sugw.mongodb.net/womensWelfare?retryWrites=true&w=majority...","timestamp":"2020-06-22T12:05:38.452Z"}
{"level":"info","message":"Listening on port 4001...","timestamp":"2020-06-22T12:05:51.262Z"}
{"level":"info","message":"Connected to mongodb+srv://crazyharan:yamunahari008@cluster0-9sugw.mongodb.net/womensWelfare?retryWrites=true&w=majority...","timestamp":"2020-06-22T12:05:52.057Z"}
{"level":"info","message":"Listening on port 4001...","timestamp":"2020-06-22T12:06:16.184Z"}
{"level":"info","message":"Connected to mongodb+srv://crazyharan:yamunahari008@cluster0-9sugw.mongodb.net/womensWelfare?retryWrites=true&w=majority...","timestamp":"2020-06-22T12:06:17.129Z"}
{"level":"info","message":"Listening on port 4001...","timestamp":"2020-06-22T12:06:45.427Z"}
{"level":"info","message":"Connected to mongodb+srv://crazyharan:yamunahari008@cluster0-9sugw.mongodb.net/womensWelfare?retryWrites=true&w=majority...","timestamp":"2020-06-22T12:06:46.081Z"}
{"level":"info","message":"Listening on port 4001...","timestamp":"2020-06-22T12:07:22.027Z"}
{"level":"info","message":"Connected to mongodb+srv://crazyharan:yamunahari008@cluster0-9sugw.mongodb.net/womensWelfare?retryWrites=true&w=majority...","timestamp":"2020-06-22T12:07:22.685Z"}
{"level":"info","message":"Listening on port 4001...","timestamp":"2020-06-22T12:07:52.302Z"}
{"level":"info","message":"Connected to mongodb+srv://crazyharan:yamunahari008@cluster0-9sugw.mongodb.net/womensWelfare?retryWrites=true&w=majority...","timestamp":"2020-06-22T12:07:53.353Z"}
{"level":"info","message":"Listening on port 4001...","timestamp":"2020-06-22T12:08:38.475Z"}
{"level":"info","message":"Connected to mongodb+srv://crazyharan:yamunahari008@cluster0-9sugw.mongodb.net/womensWelfare?retryWrites=true&w=majority...","timestamp":"2020-06-22T12:08:39.203Z"}
{"level":"info","message":"Listening on port 4001...","timestamp":"2020-06-22T12:09:02.533Z"}
{"level":"info","message":"Connected to mongodb+srv://crazyharan:yamunahari008@cluster0-9sugw.mongodb.net/womensWelfare?retryWrites=true&w=majority...","timestamp":"2020-06-22T12:09:03.274Z"}
{"level":"info","message":"Listening on port 4001...","timestamp":"2020-06-22T12:27:17.413Z"}
{"level":"info","message":"Connected to mongodb+srv://crazyharan:yamunahari008@cluster0-9sugw.mongodb.net/womensWelfare?retryWrites=true&w=majority...","timestamp":"2020-06-22T12:27:18.743Z"}
{"level":"info","message":"Listening on port 4001...","timestamp":"2020-06-22T12:34:08.939Z"}
{"level":"info","message":"Connected to mongodb+srv://crazyharan:yamunahari008@cluster0-9sugw.mongodb.net/womensWelfare?retryWrites=true&w=majority...","timestamp":"2020-06-22T12:34:09.903Z"}
{"level":"info","message":"Listening on port 4001...","timestamp":"2020-06-22T13:05:59.681Z"}
{"level":"info","message":"Connected to mongodb+srv://crazyharan:yamunahari008@cluster0-9sugw.mongodb.net/womensWelfare?retryWrites=true&w=majority...","timestamp":"2020-06-22T13:06:00.637Z"}
{"level":"info","message":"Listening on port 4001...","timestamp":"2020-06-22T17:02:04.742Z"}
{"level":"info","message":"Connected to mongodb+srv://crazyharan:yamunahari008@cluster0-9sugw.mongodb.net/womensWelfare?retryWrites=true&w=majority...","timestamp":"2020-06-22T17:02:05.738Z"}
{"level":"info","message":"Listening on port 4001...","timestamp":"2020-06-22T17:03:29.773Z"}
{"level":"info","message":"Connected to mongodb+srv://crazyharan:yamunahari008@cluster0-9sugw.mongodb.net/womensWelfare?retryWrites=true&w=majority...","timestamp":"2020-06-22T17:03:30.873Z"}
{"level":"info","message":"Listening on port 4001...","timestamp":"2020-06-22T17:03:54.656Z"}
{"level":"info","message":"Connected to mongodb+srv://crazyharan:yamunahari008@cluster0-9sugw.mongodb.net/womensWelfare?retryWrites=true&w=majority...","timestamp":"2020-06-22T17:03:55.366Z"}
{"level":"info","message":"Listening on port 4001...","timestamp":"2020-06-22T17:04:32.614Z"}
{"level":"info","message":"Connected to mongodb+srv://crazyharan:yamunahari008@cluster0-9sugw.mongodb.net/womensWelfare?retryWrites=true&w=majority...","timestamp":"2020-06-22T17:04:33.271Z"}
{"level":"info","message":"Listening on port 4001...","timestamp":"2020-06-22T17:04:54.699Z"}
{"level":"info","message":"Connected to mongodb+srv://crazyharan:yamunahari008@cluster0-9sugw.mongodb.net/womensWelfare?retryWrites=true&w=majority...","timestamp":"2020-06-22T17:04:55.607Z"}
{"level":"info","message":"Listening on port 4001...","timestamp":"2020-06-22T17:07:04.252Z"}
{"level":"info","message":"Connected to mongodb+srv://crazyharan:yamunahari008@cluster0-9sugw.mongodb.net/womensWelfare?retryWrites=true&w=majority...","timestamp":"2020-06-22T17:07:05.261Z"}
{"level":"info","message":"Listening on port 4001...","timestamp":"2020-06-22T17:07:23.551Z"}
{"level":"info","message":"Connected to mongodb+srv://crazyharan:yamunahari008@cluster0-9sugw.mongodb.net/womensWelfare?retryWrites=true&w=majority...","timestamp":"2020-06-22T17:07:24.231Z"}
{"level":"info","message":"Listening on port 4001...","timestamp":"2020-06-22T17:08:48.860Z"}
{"level":"info","message":"Connected to mongodb+srv://crazyharan:yamunahari008@cluster0-9sugw.mongodb.net/womensWelfare?retryWrites=true&w=majority...","timestamp":"2020-06-22T17:08:49.813Z"}
{"level":"info","message":"Listening on port 4001...","timestamp":"2020-06-22T17:14:23.507Z"}
{"level":"info","message":"Connected to mongodb+srv://crazyharan:yamunahari008@cluster0-9sugw.mongodb.net/womensWelfare?retryWrites=true&w=majority...","timestamp":"2020-06-22T17:14:24.446Z"}
{"level":"info","message":"Listening on port 4001...","timestamp":"2020-06-22T17:17:25.325Z"}
{"level":"info","message":"Connected to mongodb+srv://crazyharan:yamunahari008@cluster0-9sugw.mongodb.net/womensWelfare?retryWrites=true&w=majority...","timestamp":"2020-06-22T17:17:26.716Z"}
{"level":"info","message":"Listening on port 4001...","timestamp":"2020-06-22T17:24:28.461Z"}
{"level":"info","message":"Connected to mongodb+srv://crazyharan:yamunahari008@cluster0-9sugw.mongodb.net/womensWelfare?retryWrites=true&w=majority...","timestamp":"2020-06-22T17:24:29.345Z"}
{"level":"info","message":"Listening on port 4001...","timestamp":"2020-06-22T17:26:06.260Z"}
{"level":"info","message":"Connected to mongodb+srv://crazyharan:yamunahari008@cluster0-9sugw.mongodb.net/womensWelfare?retryWrites=true&w=majority...","timestamp":"2020-06-22T17:26:07.400Z"}
{"level":"info","message":"Listening on port 4001...","timestamp":"2020-06-22T17:27:10.246Z"}
{"level":"info","message":"Connected to mongodb+srv://crazyharan:yamunahari008@cluster0-9sugw.mongodb.net/womensWelfare?retryWrites=true&w=majority...","timestamp":"2020-06-22T17:27:11.033Z"}
{"level":"info","message":"Listening on port 4001...","timestamp":"2020-06-22T17:30:20.729Z"}
{"level":"info","message":"Connected to mongodb+srv://crazyharan:yamunahari008@cluster0-9sugw.mongodb.net/womensWelfare?retryWrites=true&w=majority...","timestamp":"2020-06-22T17:30:21.694Z"}
{"level":"info","message":"Listening on port 4001...","timestamp":"2020-06-22T17:33:40.333Z"}
{"level":"info","message":"Connected to mongodb+srv://crazyharan:yamunahari008@cluster0-9sugw.mongodb.net/womensWelfare?retryWrites=true&w=majority...","timestamp":"2020-06-22T17:33:41.251Z"}
{"level":"info","message":"Listening on port 4001...","timestamp":"2020-06-22T17:35:24.984Z"}
{"level":"info","message":"Connected to mongodb+srv://crazyharan:yamunahari008@cluster0-9sugw.mongodb.net/womensWelfare?retryWrites=true&w=majority...","timestamp":"2020-06-22T17:35:25.965Z"}
{"level":"info","message":"Listening on port 4001...","timestamp":"2020-06-22T17:35:32.984Z"}
{"level":"info","message":"Connected to mongodb+srv://crazyharan:yamunahari008@cluster0-9sugw.mongodb.net/womensWelfare?retryWrites=true&w=majority...","timestamp":"2020-06-22T17:35:33.706Z"}
{"level":"info","message":"Listening on port 4001...","timestamp":"2020-06-22T17:35:43.173Z"}
{"level":"info","message":"Connected to mongodb+srv://crazyharan:yamunahari008@cluster0-9sugw.mongodb.net/womensWelfare?retryWrites=true&w=majority...","timestamp":"2020-06-22T17:35:43.802Z"}
{"level":"info","message":"Listening on port 4001...","timestamp":"2020-06-22T17:40:27.161Z"}
{"level":"info","message":"Connected to mongodb+srv://crazyharan:yamunahari008@cluster0-9sugw.mongodb.net/womensWelfare?retryWrites=true&w=majority...","timestamp":"2020-06-22T17:40:28.094Z"}
{"level":"info","message":"Listening on port 4001...","timestamp":"2020-06-22T17:43:20.477Z"}
{"level":"info","message":"Connected to mongodb+srv://crazyharan:yamunahari008@cluster0-9sugw.mongodb.net/womensWelfare?retryWrites=true&w=majority...","timestamp":"2020-06-22T17:43:21.615Z"}
{"level":"info","message":"Listening on port 4001...","timestamp":"2020-06-22T17:44:44.718Z"}
{"level":"info","message":"Connected to mongodb+srv://crazyharan:yamunahari008@cluster0-9sugw.mongodb.net/womensWelfare?retryWrites=true&w=majority...","timestamp":"2020-06-22T17:44:45.726Z"}
{"level":"info","message":"Listening on port 4001...","timestamp":"2020-06-22T17:45:21.525Z"}
{"level":"info","message":"Connected to mongodb+srv://crazyharan:yamunahari008@cluster0-9sugw.mongodb.net/womensWelfare?retryWrites=true&w=majority...","timestamp":"2020-06-22T17:45:22.177Z"}
{"level":"info","message":"Listening on port 4001...","timestamp":"2020-06-22T17:46:51.215Z"}
{"level":"info","message":"Connected to mongodb+srv://crazyharan:yamunahari008@cluster0-9sugw.mongodb.net/womensWelfare?retryWrites=true&w=majority...","timestamp":"2020-06-22T17:46:52.268Z"}
{"level":"info","message":"Listening on port 4001...","timestamp":"2020-06-22T17:52:35.455Z"}
{"level":"info","message":"Connected to mongodb+srv://crazyharan:yamunahari008@cluster0-9sugw.mongodb.net/womensWelfare?retryWrites=true&w=majority...","timestamp":"2020-06-22T17:52:36.400Z"}
{"level":"info","message":"Listening on port 4001...","timestamp":"2020-06-22T17:54:07.197Z"}
{"level":"info","message":"Connected to mongodb+srv://crazyharan:yamunahari008@cluster0-9sugw.mongodb.net/womensWelfare?retryWrites=true&w=majority...","timestamp":"2020-06-22T17:54:08.094Z"}
{"level":"info","message":"Listening on port 4001...","timestamp":"2020-06-22T17:58:57.836Z"}
{"level":"info","message":"Connected to mongodb+srv://crazyharan:yamunahari008@cluster0-9sugw.mongodb.net/womensWelfare?retryWrites=true&w=majority...","timestamp":"2020-06-22T17:58:59.089Z"}
{"level":"info","message":"Listening on port 4001...","timestamp":"2020-06-22T18:00:34.386Z"}
{"level":"info","message":"Connected to mongodb+srv://crazyharan:yamunahari008@cluster0-9sugw.mongodb.net/womensWelfare?retryWrites=true&w=majority...","timestamp":"2020-06-22T18:00:35.409Z"}
{"level":"info","message":"Listening on port 4001...","timestamp":"2020-06-27T06:42:00.849Z"}
{"level":"info","message":"Connected to mongodb+srv://crazyharan:yamunahari008@cluster0-9sugw.mongodb.net/womensWelfare?retryWrites=true&w=majority...","timestamp":"2020-06-27T06:42:02.213Z"}
{"level":"info","message":"Listening on port 4001...","timestamp":"2020-06-27T07:29:28.705Z"}
{"level":"info","message":"Connected to mongodb+srv://crazyharan:yamunahari008@cluster0-9sugw.mongodb.net/womensWelfare?retryWrites=true&w=majority...","timestamp":"2020-06-27T07:29:30.026Z"}
{"level":"info","message":"Listening on port 4001...","timestamp":"2020-06-27T07:44:01.713Z"}
{"level":"info","message":"Connected to mongodb+srv://crazyharan:yamunahari008@cluster0-9sugw.mongodb.net/womensWelfare?retryWrites=true&w=majority...","timestamp":"2020-06-27T07:44:02.638Z"}
{"level":"info","message":"Listening on port 4001...","timestamp":"2020-06-27T10:06:47.796Z"}
{"level":"info","message":"Connected to mongodb+srv://crazyharan:yamunahari008@cluster0-9sugw.mongodb.net/womensWelfare?retryWrites=true&w=majority...","timestamp":"2020-06-27T10:06:49.107Z"}
{"level":"info","message":"Listening on port 4001...","timestamp":"2020-06-27T10:09:25.725Z"}
{"level":"info","message":"Connected to mongodb+srv://crazyharan:yamunahari008@cluster0-9sugw.mongodb.net/womensWelfare?retryWrites=true&w=majority...","timestamp":"2020-06-27T10:09:26.833Z"}
{"level":"info","message":"Listening on port 4001...","timestamp":"2020-06-27T10:10:28.936Z"}
{"level":"info","message":"Connected to mongodb+srv://crazyharan:yamunahari008@cluster0-9sugw.mongodb.net/womensWelfare?retryWrites=true&w=majority...","timestamp":"2020-06-27T10:10:29.700Z"}
{"level":"info","message":"Listening on port 4001...","timestamp":"2020-06-27T10:12:22.458Z"}
{"level":"info","message":"Listening on port 4001...","timestamp":"2020-06-27T10:12:47.484Z"}
{"level":"info","message":"Connected to mongodb+srv://crazyharan:yamunahari008@cluster0-9sugw.mongodb.net/womensWelfare?retryWrites=true&w=majority...","timestamp":"2020-06-27T10:12:48.251Z"}
{"level":"info","message":"Listening on port 4001...","timestamp":"2020-06-27T10:13:05.414Z"}
{"level":"info","message":"Connected to mongodb+srv://crazyharan:yamunahari008@cluster0-9sugw.mongodb.net/womensWelfare?retryWrites=true&w=majority...","timestamp":"2020-06-27T10:13:06.251Z"}
{"level":"info","message":"Listening on port 4001...","timestamp":"2020-06-27T10:15:06.820Z"}
{"level":"info","message":"Connected to mongodb+srv://crazyharan:yamunahari008@cluster0-9sugw.mongodb.net/womensWelfare?retryWrites=true&w=majority...","timestamp":"2020-06-27T10:15:07.709Z"}
{"level":"info","message":"Listening on port 4001...","timestamp":"2020-06-27T10:15:27.131Z"}
{"level":"info","message":"Connected to mongodb+srv://crazyharan:yamunahari008@cluster0-9sugw.mongodb.net/womensWelfare?retryWrites=true&w=majority...","timestamp":"2020-06-27T10:15:27.781Z"}
{"level":"info","message":"Listening on port 4001...","timestamp":"2020-06-27T10:15:33.259Z"}
{"level":"info","message":"Connected to mongodb+srv://crazyharan:yamunahari008@cluster0-9sugw.mongodb.net/womensWelfare?retryWrites=true&w=majority...","timestamp":"2020-06-27T10:15:33.957Z"}
{"level":"info","message":"Listening on port 4001...","timestamp":"2020-06-27T10:15:38.352Z"}
{"level":"info","message":"Connected to mongodb+srv://crazyharan:yamunahari008@cluster0-9sugw.mongodb.net/womensWelfare?retryWrites=true&w=majority...","timestamp":"2020-06-27T10:15:39.007Z"}
{"level":"info","message":"Listening on port 4001...","timestamp":"2020-06-27T10:16:38.730Z"}
{"level":"info","message":"Connected to mongodb+srv://crazyharan:yamunahari008@cluster0-9sugw.mongodb.net/womensWelfare?retryWrites=true&w=majority...","timestamp":"2020-06-27T10:16:39.749Z"}
{"level":"info","message":"Listening on port 4001...","timestamp":"2020-06-27T10:16:51.358Z"}
{"level":"info","message":"Connected to mongodb+srv://crazyharan:yamunahari008@cluster0-9sugw.mongodb.net/womensWelfare?retryWrites=true&w=majority...","timestamp":"2020-06-27T10:16:52.023Z"}
{"level":"info","message":"Listening on port 4001...","timestamp":"2020-06-27T10:17:02.340Z"}
{"level":"info","message":"Connected to mongodb+srv://crazyharan:yamunahari008@cluster0-9sugw.mongodb.net/womensWelfare?retryWrites=true&w=majority...","timestamp":"2020-06-27T10:17:03.067Z"}
{"level":"info","message":"Listening on port 4001...","timestamp":"2020-06-27T10:17:18.774Z"}
{"level":"info","message":"Connected to mongodb+srv://crazyharan:yamunahari008@cluster0-9sugw.mongodb.net/womensWelfare?retryWrites=true&w=majority...","timestamp":"2020-06-27T10:17:19.377Z"}
{"level":"info","message":"Listening on port 4001...","timestamp":"2020-06-27T11:05:23.965Z"}
{"level":"info","message":"Connected to mongodb://localhost/womensWelfare...","timestamp":"2020-06-27T11:05:24.000Z"}
{"level":"info","message":"Listening on port 4001...","timestamp":"2020-06-27T11:07:02.023Z"}
{"level":"info","message":"Connected to mongodb://localhost/womensWelfare...","timestamp":"2020-06-27T11:07:02.039Z"}
{"level":"info","message":"Listening on port 4001...","timestamp":"2020-06-27T11:07:11.028Z"}
{"level":"info","message":"Connected to mongodb://localhost/womensWelfare...","timestamp":"2020-06-27T11:07:11.047Z"}
{"level":"info","message":"Listening on port 4001...","timestamp":"2020-06-27T11:08:26.115Z"}
{"level":"info","message":"Connected to mongodb://localhost/womensWelfare...","timestamp":"2020-06-27T11:08:26.130Z"}
{"level":"info","message":"Listening on port 4001...","timestamp":"2020-06-27T11:09:37.239Z"}
{"level":"info","message":"Connected to mongodb://localhost/womensWelfare...","timestamp":"2020-06-27T11:09:37.252Z"}
{"level":"info","message":"Listening on port 4001...","timestamp":"2020-06-27T11:10:14.456Z"}
{"level":"info","message":"Connected to mongodb://localhost/womensWelfare...","timestamp":"2020-06-27T11:10:14.475Z"}
{"level":"info","message":"Listening on port 4001...","timestamp":"2020-06-27T11:10:33.734Z"}
{"level":"info","message":"Connected to mongodb://localhost/womensWelfare...","timestamp":"2020-06-27T11:10:33.747Z"}
{"level":"info","message":"Listening on port 4001...","timestamp":"2020-06-27T11:11:21.948Z"}
{"level":"info","message":"Connected to mongodb://localhost/womensWelfare...","timestamp":"2020-06-27T11:11:21.962Z"}
{"level":"info","message":"Listening on port 4001...","timestamp":"2020-06-27T11:12:16.819Z"}
{"level":"info","message":"Connected to mongodb://localhost/womensWelfare...","timestamp":"2020-06-27T11:12:16.854Z"}
{"level":"info","message":"Listening on port 4001...","timestamp":"2020-06-27T11:12:20.723Z"}
{"level":"info","message":"Connected to mongodb://localhost/womensWelfare...","timestamp":"2020-06-27T11:12:20.743Z"}
{"level":"info","message":"Listening on port 4001...","timestamp":"2020-06-27T12:23:03.589Z"}
{"level":"info","message":"Connected to mongodb://localhost/womensWelfare...","timestamp":"2020-06-27T12:23:03.612Z"}
{"level":"info","message":"Listening on port 4001...","timestamp":"2020-06-27T12:30:49.297Z"}
{"level":"info","message":"Connected to mongodb://localhost/womensWelfare...","timestamp":"2020-06-27T12:30:49.314Z"}
{"level":"info","message":"Listening on port 4001...","timestamp":"2020-06-27T12:32:25.175Z"}
{"level":"info","message":"Connected to mongodb://localhost/womensWelfare...","timestamp":"2020-06-27T12:32:25.190Z"}
{"level":"info","message":"Listening on port 4001...","timestamp":"2020-06-27T12:33:07.507Z"}
{"level":"info","message":"Connected to mongodb://localhost/womensWelfare...","timestamp":"2020-06-27T12:33:07.523Z"}
{"level":"info","message":"Listening on port 4001...","timestamp":"2020-06-27T12:33:12.576Z"}
{"level":"info","message":"Connected to mongodb://localhost/womensWelfare...","timestamp":"2020-06-27T12:33:12.595Z"}
{"level":"info","message":"Listening on port 4001...","timestamp":"2020-06-27T12:33:35.423Z"}
{"level":"info","message":"Connected to mongodb://localhost/womensWelfare...","timestamp":"2020-06-27T12:33:35.438Z"}
{"level":"info","message":"Listening on port 4001...","timestamp":"2020-06-27T12:34:41.483Z"}
{"level":"info","message":"Connected to mongodb://localhost/womensWelfare...","timestamp":"2020-06-27T12:34:41.500Z"}
{"level":"info","message":"Listening on port 4001...","timestamp":"2020-06-27T12:36:11.279Z"}
{"level":"info","message":"Connected to mongodb://localhost/womensWelfare...","timestamp":"2020-06-27T12:36:11.294Z"}
{"level":"info","message":"Listening on port 4001...","timestamp":"2020-06-27T12:36:20.309Z"}
{"level":"info","message":"Connected to mongodb://localhost/womensWelfare...","timestamp":"2020-06-27T12:36:20.323Z"}
{"level":"info","message":"Listening on port 4001...","timestamp":"2020-06-27T12:36:46.094Z"}
{"level":"info","message":"Connected to mongodb://localhost/womensWelfare...","timestamp":"2020-06-27T12:36:46.112Z"}
{"level":"info","message":"Listening on port 4001...","timestamp":"2020-06-27T12:37:34.754Z"}
{"level":"info","message":"Connected to mongodb://localhost/womensWelfare...","timestamp":"2020-06-27T12:37:34.767Z"}
{"level":"info","message":"Listening on port 4001...","timestamp":"2020-06-27T12:38:11.087Z"}
{"level":"info","message":"Connected to mongodb://localhost/womensWelfare...","timestamp":"2020-06-27T12:38:11.101Z"}
{"level":"info","message":"Listening on port 4001...","timestamp":"2020-06-27T12:38:42.529Z"}
{"level":"info","message":"Connected to mongodb://localhost/womensWelfare...","timestamp":"2020-06-27T12:38:42.541Z"}
{"level":"info","message":"Listening on port 4001...","timestamp":"2020-06-27T12:44:13.961Z"}
{"level":"info","message":"Connected to mongodb://localhost/womensWelfare...","timestamp":"2020-06-27T12:44:13.976Z"}
{"level":"info","message":"Listening on port 4001...","timestamp":"2020-06-27T12:46:23.466Z"}
{"level":"info","message":"Connected to mongodb://localhost/womensWelfare...","timestamp":"2020-06-27T12:46:23.480Z"}
{"level":"info","message":"Listening on port 4001...","timestamp":"2020-06-27T12:50:36.962Z"}
{"level":"info","message":"Connected to mongodb://localhost/womensWelfare...","timestamp":"2020-06-27T12:50:36.980Z"}
{"level":"info","message":"Listening on port 4001...","timestamp":"2020-06-27T12:55:12.524Z"}
{"level":"info","message":"Connected to mongodb://localhost/womensWelfare...","timestamp":"2020-06-27T12:55:12.541Z"}
{"level":"info","message":"Listening on port 4001...","timestamp":"2020-06-27T12:55:48.986Z"}
{"level":"info","message":"Connected to mongodb://localhost/womensWelfare...","timestamp":"2020-06-27T12:55:49.002Z"}
{"level":"info","message":"Listening on port 4001...","timestamp":"2020-06-27T12:56:27.438Z"}
{"level":"info","message":"Connected to mongodb://localhost/womensWelfare...","timestamp":"2020-06-27T12:56:27.453Z"}
{"level":"info","message":"Listening on port 4001...","timestamp":"2020-06-27T12:56:42.420Z"}
{"level":"info","message":"Connected to mongodb://localhost/womensWelfare...","timestamp":"2020-06-27T12:56:42.435Z"}
{"level":"info","message":"Listening on port 4001...","timestamp":"2020-06-27T12:58:29.815Z"}
{"level":"info","message":"Connected to mongodb://localhost/womensWelfare...","timestamp":"2020-06-27T12:58:29.829Z"}
{"level":"info","message":"Listening on port 4001...","timestamp":"2020-06-27T13:00:59.433Z"}
{"level":"info","message":"Connected to mongodb://localhost/womensWelfare...","timestamp":"2020-06-27T13:00:59.447Z"}
{"level":"info","message":"Listening on port 4001...","timestamp":"2020-06-27T13:29:18.819Z"}
{"level":"info","message":"Connected to mongodb://localhost/womensWelfare...","timestamp":"2020-06-27T13:29:18.836Z"}
{"level":"info","message":"Listening on port 4001...","timestamp":"2020-06-27T13:38:22.727Z"}
{"level":"info","message":"Connected to mongodb://localhost/womensWelfare...","timestamp":"2020-06-27T13:38:22.742Z"}
{"level":"info","message":"Listening on port 4001...","timestamp":"2020-06-27T13:46:28.714Z"}
{"level":"info","message":"Connected to mongodb://localhost/womensWelfare...","timestamp":"2020-06-27T13:46:28.727Z"}
{"level":"info","message":"Listening on port 4001...","timestamp":"2020-06-27T13:47:06.002Z"}
{"level":"info","message":"Connected to mongodb://localhost/womensWelfare...","timestamp":"2020-06-27T13:47:06.020Z"}
{"level":"info","message":"Listening on port 4001...","timestamp":"2020-06-27T13:47:38.903Z"}
{"level":"info","message":"Connected to mongodb://localhost/womensWelfare...","timestamp":"2020-06-27T13:47:38.916Z"}
{"level":"info","message":"Listening on port 4001...","timestamp":"2020-06-27T13:49:09.978Z"}
{"level":"info","message":"Connected to mongodb://localhost/womensWelfare...","timestamp":"2020-06-27T13:49:09.993Z"}
{"level":"info","message":"Listening on port 4001...","timestamp":"2020-06-27T13:50:40.488Z"}
{"level":"info","message":"Connected to mongodb://localhost/womensWelfare...","timestamp":"2020-06-27T13:50:40.502Z"}
{"level":"info","message":"Listening on port 4001...","timestamp":"2020-06-27T13:52:15.072Z"}
{"level":"info","message":"Connected to mongodb://localhost/womensWelfare...","timestamp":"2020-06-27T13:52:15.087Z"}
{"level":"info","message":"Listening on port 4001...","timestamp":"2020-06-27T13:53:13.081Z"}
{"level":"info","message":"Connected to mongodb://localhost/womensWelfare...","timestamp":"2020-06-27T13:53:13.094Z"}
{"level":"info","message":"Listening on port 4001...","timestamp":"2020-06-27T13:58:14.151Z"}
{"level":"info","message":"Connected to mongodb://localhost/womensWelfare...","timestamp":"2020-06-27T13:58:14.164Z"}
{"level":"info","message":"Listening on port 4001...","timestamp":"2020-06-27T13:59:57.713Z"}
{"level":"info","message":"Connected to mongodb://localhost/womensWelfare...","timestamp":"2020-06-27T13:59:57.730Z"}
{"level":"info","message":"Listening on port 4001...","timestamp":"2020-06-27T14:01:51.059Z"}
{"level":"info","message":"Connected to mongodb://localhost/womensWelfare...","timestamp":"2020-06-27T14:01:51.074Z"}
{"level":"info","message":"Listening on port 4001...","timestamp":"2020-06-27T14:09:52.750Z"}
{"level":"info","message":"Connected to mongodb://localhost/womensWelfare...","timestamp":"2020-06-27T14:09:52.764Z"}
{"level":"info","message":"Listening on port 4001...","timestamp":"2020-06-27T14:12:19.351Z"}
{"level":"info","message":"Connected to mongodb://localhost/womensWelfare...","timestamp":"2020-06-27T14:12:19.365Z"}
{"level":"info","message":"Listening on port 4001...","timestamp":"2020-06-27T14:18:29.505Z"}
{"level":"info","message":"Connected to mongodb://localhost/womensWelfare...","timestamp":"2020-06-27T14:18:29.519Z"}
{"level":"info","message":"Listening on port 4001...","timestamp":"2020-06-27T14:22:01.791Z"}
{"level":"info","message":"Connected to mongodb://localhost/womensWelfare...","timestamp":"2020-06-27T14:22:01.806Z"}
{"level":"info","message":"Listening on port 4001...","timestamp":"2020-06-27T14:26:23.609Z"}
{"level":"info","message":"Connected to mongodb://localhost/womensWelfare...","timestamp":"2020-06-27T14:26:23.624Z"}
{"level":"info","message":"Listening on port 4001...","timestamp":"2020-06-27T14:27:17.115Z"}
{"level":"info","message":"Connected to mongodb://localhost/womensWelfare...","timestamp":"2020-06-27T14:27:17.129Z"}
{"level":"info","message":"Listening on port 4001...","timestamp":"2020-06-29T06:47:43.588Z"}
{"level":"info","message":"Connected to mongodb://localhost/womensWelfare...","timestamp":"2020-06-29T06:47:43.624Z"}
{"message":"Cannot add other alternatives without at least one schema(job)","stack":"AssertionError [ERR_ASSERTION]: Cannot add other alternatives without at least one schema\n    at internals.Alternatives.try (/Users/crazy/Desktop/node/womensWelfare/node_modules/joi/lib/types/alternatives/index.js:78:14)\n    at Object.exports.schema (/Users/crazy/Desktop/node/womensWelfare/node_modules/joi/lib/cast.js:25:42)\n    at internals.Object.keys (/Users/crazy/Desktop/node/womensWelfare/node_modules/joi/lib/types/object/index.js:358:35)\n    at Object.exports.schema (/Users/crazy/Desktop/node/womensWelfare/node_modules/joi/lib/cast.js:36:29)\n    at module.exports.internals.Any.root.compile (/Users/crazy/Desktop/node/womensWelfare/node_modules/joi/lib/index.js:159:25)\n    at module.exports.internals.Any.root.validate (/Users/crazy/Desktop/node/womensWelfare/node_modules/joi/lib/index.js:145:29)\n    at validateServiceProviders (/Users/crazy/Desktop/node/womensWelfare/models/serviceProviders.js:101:14)\n    at /Users/crazy/Desktop/node/womensWelfare/middlewares/validate.js:4:23\n    at newFn (/Users/crazy/Desktop/node/womensWelfare/node_modules/express-async-errors/index.js:16:20)\n    at Layer.handle [as handle_request] (/Users/crazy/Desktop/node/womensWelfare/node_modules/express/lib/router/layer.js:95:5)\n    at next (/Users/crazy/Desktop/node/womensWelfare/node_modules/express/lib/router/route.js:137:13)\n    at Route.dispatch (/Users/crazy/Desktop/node/womensWelfare/node_modules/express/lib/router/route.js:112:3)\n    at newFn (/Users/crazy/Desktop/node/womensWelfare/node_modules/express-async-errors/index.js:16:20)\n    at Layer.handle [as handle_request] (/Users/crazy/Desktop/node/womensWelfare/node_modules/express/lib/router/layer.js:95:5)\n    at /Users/crazy/Desktop/node/womensWelfare/node_modules/express/lib/router/index.js:281:22\n    at Function.process_params (/Users/crazy/Desktop/node/womensWelfare/node_modules/express/lib/router/index.js:335:12)","generatedMessage":false,"name":"AssertionError","code":"ERR_ASSERTION","actual":false,"expected":true,"operator":"==","path":"job","level":"error","timestamp":"2020-06-29T06:48:52.879Z"}
{"level":"info","message":"Listening on port 4001...","timestamp":"2020-06-29T06:50:19.958Z"}
{"level":"info","message":"Connected to mongodb://localhost/womensWelfare...","timestamp":"2020-06-29T06:50:19.971Z"}
{"level":"info","message":"Listening on port 4001...","timestamp":"2020-06-29T06:51:49.498Z"}
{"level":"info","message":"Connected to mongodb://localhost/womensWelfare...","timestamp":"2020-06-29T06:51:49.512Z"}
{"message":"Cannot add other alternatives without at least one schema(job)","stack":"AssertionError [ERR_ASSERTION]: Cannot add other alternatives without at least one schema\n    at internals.Alternatives.try (/Users/crazy/Desktop/node/womensWelfare/node_modules/joi/lib/types/alternatives/index.js:78:14)\n    at Object.exports.schema (/Users/crazy/Desktop/node/womensWelfare/node_modules/joi/lib/cast.js:25:42)\n    at internals.Object.keys (/Users/crazy/Desktop/node/womensWelfare/node_modules/joi/lib/types/object/index.js:358:35)\n    at Object.exports.schema (/Users/crazy/Desktop/node/womensWelfare/node_modules/joi/lib/cast.js:36:29)\n    at module.exports.internals.Any.root.compile (/Users/crazy/Desktop/node/womensWelfare/node_modules/joi/lib/index.js:159:25)\n    at module.exports.internals.Any.root.validate (/Users/crazy/Desktop/node/womensWelfare/node_modules/joi/lib/index.js:145:29)\n    at validateServiceProviders (/Users/crazy/Desktop/node/womensWelfare/models/serviceProviders.js:101:14)\n    at /Users/crazy/Desktop/node/womensWelfare/middlewares/validate.js:4:23\n    at newFn (/Users/crazy/Desktop/node/womensWelfare/node_modules/express-async-errors/index.js:16:20)\n    at Layer.handle [as handle_request] (/Users/crazy/Desktop/node/womensWelfare/node_modules/express/lib/router/layer.js:95:5)\n    at next (/Users/crazy/Desktop/node/womensWelfare/node_modules/express/lib/router/route.js:137:13)\n    at Route.dispatch (/Users/crazy/Desktop/node/womensWelfare/node_modules/express/lib/router/route.js:112:3)\n    at newFn (/Users/crazy/Desktop/node/womensWelfare/node_modules/express-async-errors/index.js:16:20)\n    at Layer.handle [as handle_request] (/Users/crazy/Desktop/node/womensWelfare/node_modules/express/lib/router/layer.js:95:5)\n    at /Users/crazy/Desktop/node/womensWelfare/node_modules/express/lib/router/index.js:281:22\n    at Function.process_params (/Users/crazy/Desktop/node/womensWelfare/node_modules/express/lib/router/index.js:335:12)","generatedMessage":false,"name":"AssertionError","code":"ERR_ASSERTION","actual":false,"expected":true,"operator":"==","path":"job","level":"error","timestamp":"2020-06-29T06:52:01.059Z"}
{"level":"info","message":"Listening on port 4001...","timestamp":"2020-06-29T06:53:13.640Z"}
{"level":"info","message":"Connected to mongodb://localhost/womensWelfare...","timestamp":"2020-06-29T06:53:13.656Z"}
{"message":"Cannot add other alternatives without at least one schema(job)","stack":"AssertionError [ERR_ASSERTION]: Cannot add other alternatives without at least one schema\n    at internals.Alternatives.try (/Users/crazy/Desktop/node/womensWelfare/node_modules/joi/lib/types/alternatives/index.js:78:14)\n    at Object.exports.schema (/Users/crazy/Desktop/node/womensWelfare/node_modules/joi/lib/cast.js:25:42)\n    at internals.Object.keys (/Users/crazy/Desktop/node/womensWelfare/node_modules/joi/lib/types/object/index.js:358:35)\n    at Object.exports.schema (/Users/crazy/Desktop/node/womensWelfare/node_modules/joi/lib/cast.js:36:29)\n    at module.exports.internals.Any.root.compile (/Users/crazy/Desktop/node/womensWelfare/node_modules/joi/lib/index.js:159:25)\n    at module.exports.internals.Any.root.validate (/Users/crazy/Desktop/node/womensWelfare/node_modules/joi/lib/index.js:145:29)\n    at validateServiceProviders (/Users/crazy/Desktop/node/womensWelfare/models/serviceProviders.js:96:14)\n    at /Users/crazy/Desktop/node/womensWelfare/middlewares/validate.js:4:23\n    at newFn (/Users/crazy/Desktop/node/womensWelfare/node_modules/express-async-errors/index.js:16:20)\n    at Layer.handle [as handle_request] (/Users/crazy/Desktop/node/womensWelfare/node_modules/express/lib/router/layer.js:95:5)\n    at next (/Users/crazy/Desktop/node/womensWelfare/node_modules/express/lib/router/route.js:137:13)\n    at Route.dispatch (/Users/crazy/Desktop/node/womensWelfare/node_modules/express/lib/router/route.js:112:3)\n    at newFn (/Users/crazy/Desktop/node/womensWelfare/node_modules/express-async-errors/index.js:16:20)\n    at Layer.handle [as handle_request] (/Users/crazy/Desktop/node/womensWelfare/node_modules/express/lib/router/layer.js:95:5)\n    at /Users/crazy/Desktop/node/womensWelfare/node_modules/express/lib/router/index.js:281:22\n    at Function.process_params (/Users/crazy/Desktop/node/womensWelfare/node_modules/express/lib/router/index.js:335:12)","generatedMessage":false,"name":"AssertionError","code":"ERR_ASSERTION","actual":false,"expected":true,"operator":"==","path":"job","level":"error","timestamp":"2020-06-29T06:53:18.551Z"}
{"level":"info","message":"Listening on port 4001...","timestamp":"2020-06-29T06:53:25.459Z"}
{"level":"info","message":"Connected to mongodb://localhost/womensWelfare...","timestamp":"2020-06-29T06:53:25.475Z"}
{"level":"info","message":"Listening on port 4001...","timestamp":"2020-06-29T06:55:37.189Z"}
{"level":"info","message":"Connected to mongodb://localhost/womensWelfare...","timestamp":"2020-06-29T06:55:37.205Z"}
{"level":"info","message":"Listening on port 4001...","timestamp":"2020-06-29T07:00:43.346Z"}
{"level":"info","message":"Connected to mongodb://localhost/womensWelfare...","timestamp":"2020-06-29T07:00:43.359Z"}
{"level":"info","message":"Listening on port 4001...","timestamp":"2020-06-29T07:05:16.705Z"}
{"level":"info","message":"Connected to mongodb://localhost/womensWelfare...","timestamp":"2020-06-29T07:05:16.720Z"}
{"level":"info","message":"Listening on port 4001...","timestamp":"2020-06-29T07:14:48.970Z"}
{"level":"info","message":"Connected to mongodb://localhost/womensWelfare...","timestamp":"2020-06-29T07:14:48.987Z"}
{"level":"info","message":"Listening on port 4001...","timestamp":"2020-06-29T07:19:37.887Z"}
{"level":"info","message":"Connected to mongodb://localhost/womensWelfare...","timestamp":"2020-06-29T07:19:37.901Z"}
{"level":"info","message":"Listening on port 4001...","timestamp":"2020-06-29T07:22:36.847Z"}
{"level":"info","message":"Connected to mongodb://localhost/womensWelfare...","timestamp":"2020-06-29T07:22:36.860Z"}
{"message":"joi.boolean(...).required(...).min is not a function","stack":"TypeError: joi.boolean(...).required(...).min is not a function\n    at validateServiceProviders (/Users/crazy/Desktop/node/womensWelfare/models/serviceProviders.js:102:42)\n    at /Users/crazy/Desktop/node/womensWelfare/middlewares/validate.js:4:23\n    at newFn (/Users/crazy/Desktop/node/womensWelfare/node_modules/express-async-errors/index.js:16:20)\n    at Layer.handle [as handle_request] (/Users/crazy/Desktop/node/womensWelfare/node_modules/express/lib/router/layer.js:95:5)\n    at next (/Users/crazy/Desktop/node/womensWelfare/node_modules/express/lib/router/route.js:137:13)\n    at verifyToken (/Users/crazy/Desktop/node/womensWelfare/middlewares/verifyTokenProviders.js:22:5)\n    at processTicksAndRejections (internal/process/task_queues.js:97:5)","level":"error","timestamp":"2020-06-29T07:22:46.911Z"}
{"level":"info","message":"Listening on port 4001...","timestamp":"2020-06-29T07:23:32.637Z"}
{"level":"info","message":"Connected to mongodb://localhost/womensWelfare...","timestamp":"2020-06-29T07:23:32.652Z"}
{"level":"info","message":"Listening on port 4001...","timestamp":"2020-06-29T07:24:00.801Z"}
{"level":"info","message":"Connected to mongodb://localhost/womensWelfare...","timestamp":"2020-06-29T07:24:00.815Z"}
{"level":"info","message":"Listening on port 4001...","timestamp":"2020-06-30T08:18:07.025Z"}
{"level":"info","message":"Connected to mongodb://localhost/womensWelfare...","timestamp":"2020-06-30T08:18:07.044Z"}
{"level":"info","message":"Listening on port 4001...","timestamp":"2020-06-30T08:18:52.108Z"}
{"level":"info","message":"Connected to mongodb://localhost/womensWelfare...","timestamp":"2020-06-30T08:18:52.121Z"}
{"level":"info","message":"Listening on port 4001...","timestamp":"2020-06-30T08:20:37.456Z"}
{"level":"info","message":"Connected to mongodb://localhost/womensWelfare...","timestamp":"2020-06-30T08:20:37.470Z"}
{"level":"info","message":"Listening on port 4001...","timestamp":"2020-06-30T08:32:36.512Z"}
{"level":"info","message":"Connected to mongodb://localhost/womensWelfare...","timestamp":"2020-06-30T08:32:36.530Z"}
{"level":"info","message":"Listening on port 4001...","timestamp":"2020-06-30T08:54:53.511Z"}
{"level":"info","message":"Connected to mongodb://localhost/womensWelfare...","timestamp":"2020-06-30T08:54:53.529Z"}
{"level":"info","message":"Listening on port 4001...","timestamp":"2020-06-30T08:55:49.249Z"}
{"level":"info","message":"Connected to mongodb://localhost/womensWelfare...","timestamp":"2020-06-30T08:55:49.263Z"}
